Using pre-set license
Built from '2020.2/staging' branch; Version is '2020.2.6f1 (8a2143876886) revision 9052483'; Using compiler version '192528614'; Build Type 'Release'
OS: 'Windows 10 Home; OS build 19042.985; Version 2009; 64bit' Language: 'en' Physical Memory: 16239 MB
BatchMode: 1, IsHumanControllingUs: 0, StartBugReporterOnCrash: 0, Is64bit: 1, IsPro: 0

 COMMAND LINE ARGUMENTS:
C:\Program Files\Unity\Hub\Editor\2020.2.6f1\Editor\Unity.exe
-adb2
-batchMode
-noUpm
-name
AssetImportWorker0
-projectPath
D:/Unity Projects/Voxel Game
-logFile
Logs/AssetImportWorker0.log
-srvPort
49415
Successfully changed project path to: D:/Unity Projects/Voxel Game
D:/Unity Projects/Voxel Game
Using Asset Import Pipeline V2.
Refreshing native plugins compatible for Editor in 26.34 ms, found 0 plugins.
Preloading 0 native plugins for Editor in 0.00 ms.
Initialize engine version: 2020.2.6f1 (8a2143876886)
[Subsystems] Discovering subsystems at path C:/Program Files/Unity/Hub/Editor/2020.2.6f1/Editor/Data/Resources/UnitySubsystems
[Subsystems] Discovering subsystems at path D:/Unity Projects/Voxel Game/Assets
GfxDevice: creating device client; threaded=0
Direct3D:
    Version:  Direct3D 11.0 [level 11.1]
    Renderer: NVIDIA GeForce GTX 1050 (ID=0x1c8d)
    Vendor:   
    VRAM:     1979 MB
    Driver:   27.21.14.6627
Initialize mono
Mono path[0] = 'C:/Program Files/Unity/Hub/Editor/2020.2.6f1/Editor/Data/Managed'
Mono path[1] = 'C:/Program Files/Unity/Hub/Editor/2020.2.6f1/Editor/Data/MonoBleedingEdge/lib/mono/unityjit'
Mono config path = 'C:/Program Files/Unity/Hub/Editor/2020.2.6f1/Editor/Data/MonoBleedingEdge/etc'
Using monoOptions --debugger-agent=transport=dt_socket,embedding=1,server=y,suspend=n,address=127.0.0.1:56672
Begin MonoManager ReloadAssembly
Registering precompiled unity dll's ...
Register platform support module: C:/Program Files/Unity/Hub/Editor/2020.2.6f1/Editor/Data/PlaybackEngines/MacStandaloneSupport/UnityEditor.OSXStandalone.Extensions.dll
Register platform support module: C:/Program Files/Unity/Hub/Editor/2020.2.6f1/Editor/Data/PlaybackEngines/WindowsStandaloneSupport/UnityEditor.WindowsStandalone.Extensions.dll
Registered in 0.002994 seconds.
Native extension for WindowsStandalone target not found
Native extension for OSXStandalone target not found
Refreshing native plugins compatible for Editor in 26.63 ms, found 0 plugins.
Preloading 0 native plugins for Editor in 0.00 ms.
Invoked RoslynAnalysisRunner static constructor.
RoslynAnalysisRunner will not be running.
RoslynAnalysisRunner has terminated.
Mono: successfully reloaded assembly
- Completed reload, in  2.106 seconds
Platform modules already initialized, skipping
Registering precompiled user dll's ...
Registered in 0.000583 seconds.
Begin MonoManager ReloadAssembly
Native extension for WindowsStandalone target not found
Native extension for OSXStandalone target not found
Refreshing native plugins compatible for Editor in 0.32 ms, found 0 plugins.
Preloading 0 native plugins for Editor in 0.00 ms.
Invoked RoslynAnalysisRunner static constructor.
RoslynAnalysisRunner will not be running.
RoslynAnalysisRunner has terminated.
Mono: successfully reloaded assembly
- Completed reload, in  0.807 seconds
Platform modules already initialized, skipping
========================================================================
Worker process is ready to serve import requests
Launched and connected shader compiler UnityShaderCompiler.exe after 0.05 seconds
Refreshing native plugins compatible for Editor in 0.22 ms, found 0 plugins.
Preloading 0 native plugins for Editor in 0.00 ms.
Unloading 1145 Unused Serialized files (Serialized files now loaded: 0)
System memory in use before: 70.6 MB.
System memory in use after: 70.7 MB.

Unloading 10 unused Assets to reduce memory usage. Loaded Objects now: 1605.
Total: 1.799300 ms (FindLiveObjects: 0.135200 ms CreateObjectMapping: 0.040100 ms MarkObjects: 1.510000 ms  DeleteObjects: 0.112700 ms)

========================================================================
Received Import Request.
  path: Assets/Prefabs/MushroomAnimation 1.fbx
  artifactKey: Guid(d3dd7c860a25b4e41bd11edb5a0286a9) Importer(815301076,1909f56bfc062723c751e8b465ee728b)
Start importing Assets/Prefabs/MushroomAnimation 1.fbx using Guid(d3dd7c860a25b4e41bd11edb5a0286a9) Importer(815301076,1909f56bfc062723c751e8b465ee728b)  -> (artifact id: 'c6adbd258d535a2062d19987a4ec9168') in 0.182977 seconds
  Import took 0.185296 seconds .

========================================================================
Received Import Request.
  Time since last request: 1.931569 seconds.
  path: Assets/Prefabs/JumpOnSpace.cs
  artifactKey: Guid(c7f800b3d60a7da4f9ea9e675851547c) Importer(815301076,1909f56bfc062723c751e8b465ee728b)
Start importing Assets/Prefabs/JumpOnSpace.cs using Guid(c7f800b3d60a7da4f9ea9e675851547c) Importer(815301076,1909f56bfc062723c751e8b465ee728b)  -> (artifact id: '9bc7acb74df8843cdccef740ed99be5c') in 0.010511 seconds
  Import took 0.012760 seconds .

========================================================================
Received Import Request.
  Time since last request: 0.004385 seconds.
  path: Assets/Prefabs/JumpOnSpace.cs
  artifactKey: Guid(c7f800b3d60a7da4f9ea9e675851547c) Importer(815301076,1909f56bfc062723c751e8b465ee728b)
Start importing Assets/Prefabs/JumpOnSpace.cs using Guid(c7f800b3d60a7da4f9ea9e675851547c) Importer(815301076,1909f56bfc062723c751e8b465ee728b)  -> (artifact id: '9bc7acb74df8843cdccef740ed99be5c') in 0.001598 seconds
  Import took 0.003796 seconds .

========================================================================
Received Import Request.
  Time since last request: 1.413250 seconds.
  path: Assets/Prefabs/MushroomController.controller
  artifactKey: Guid(f6bd94f95d56875409832cdf8adf1a2e) Importer(815301076,1909f56bfc062723c751e8b465ee728b)
Start importing Assets/Prefabs/MushroomController.controller using Guid(f6bd94f95d56875409832cdf8adf1a2e) Importer(815301076,1909f56bfc062723c751e8b465ee728b)  -> (artifact id: '9ad215defb83215cfb29fa4b4ad12787') in 0.012581 seconds
  Import took 0.014889 seconds .

========================================================================
Received Prepare
Registering precompiled user dll's ...
Registered in 0.000883 seconds.
Begin MonoManager ReloadAssembly
Native extension for WindowsStandalone target not found
Native extension for OSXStandalone target not found
Refreshing native plugins compatible for Editor in 0.22 ms, found 0 plugins.
Preloading 0 native plugins for Editor in 0.00 ms.
Invoked RoslynAnalysisRunner static constructor.
RoslynAnalysisRunner will not be running.
RoslynAnalysisRunner has terminated.
Mono: successfully reloaded assembly
- Completed reload, in  0.962 seconds
Platform modules already initialized, skipping
Refreshing native plugins compatible for Editor in 0.22 ms, found 0 plugins.
Preloading 0 native plugins for Editor in 0.00 ms.
Unloading 1138 Unused Serialized files (Serialized files now loaded: 0)
System memory in use before: 87.9 MB.
System memory in use after: 88.0 MB.

Unloading 8 unused Assets to reduce memory usage. Loaded Objects now: 1616.
Total: 1.826400 ms (FindLiveObjects: 0.135900 ms CreateObjectMapping: 0.031300 ms MarkObjects: 1.602800 ms  DeleteObjects: 0.055500 ms)

AssetImportWorkerClient::OnTransportError - code=2 error=End of file
